2018-04-22 15:48:58,133 CRIT Supervisor running as root (no user in config file)
2018-04-22 15:48:58,133 WARN Included extra file "/etc/supervisor/conf.d/supervisord.conf" during parsing
2018-04-22 15:48:58,168 INFO RPC interface 'supervisor' initialized
2018-04-22 15:48:58,168 CRIT Server 'unix_http_server' running without any HTTP authentication checking
2018-04-22 15:48:58,169 INFO supervisord started with pid 1
2018-04-22 15:48:59,172 INFO spawned: 'varnishd' with pid 13
2018-04-22 15:48:59,193 INFO spawned: 'php-fpm' with pid 14
2018-04-22 15:48:59,200 INFO spawned: 'varnish-plugins-watcher' with pid 15
2018-04-22 15:48:59,210 INFO spawned: 'nginx' with pid 16
2018-04-22 15:48:59,221 INFO spawned: 'MailHog' with pid 17
2018-04-22 15:48:59,237 INFO spawned: 'mysql' with pid 18
2018-04-22 15:48:59,263 INFO spawned: 'varnish-themes-watcher' with pid 19
2018-04-22 15:49:00,579 INFO success: varnishd entered RUNNING state, process has stayed up for > than 1 seconds (startsecs)
2018-04-22 15:49:00,579 INFO success: php-fpm entered RUNNING state, process has stayed up for > than 1 seconds (startsecs)
2018-04-22 15:49:00,580 INFO success: varnish-plugins-watcher entered RUNNING state, process has stayed up for > than 1 seconds (startsecs)
2018-04-22 15:49:00,580 INFO success: nginx entered RUNNING state, process has stayed up for > than 1 seconds (startsecs)
2018-04-22 15:49:00,580 INFO success: MailHog entered RUNNING state, process has stayed up for > than 1 seconds (startsecs)
2018-04-22 15:49:00,580 INFO success: mysql entered RUNNING state, process has stayed up for > than 1 seconds (startsecs)
2018-04-22 15:49:00,580 INFO success: varnish-themes-watcher entered RUNNING state, process has stayed up for > than 1 seconds (startsecs)
2018-04-22 19:13:41,116 INFO exited: varnishd (exit status 0; expected)
2018-04-22 19:13:42,138 INFO spawned: 'varnishd' with pid 422
2018-04-22 19:13:43,769 INFO success: varnishd entered RUNNING state, process has stayed up for > than 1 seconds (startsecs)
2018-04-22 19:14:30,438 WARN received SIGTERM indicating exit request
2018-04-22 19:14:30,443 INFO waiting for varnishd, php-fpm, varnish-plugins-watcher, nginx, MailHog, mysql, varnish-themes-watcher to die
2018-04-22 19:14:31,445 INFO stopped: varnish-themes-watcher (terminated by SIGTERM)
2018-04-22 19:14:31,454 INFO stopped: mysql (exit status 0)
2018-04-22 19:14:31,456 INFO stopped: MailHog (terminated by SIGTERM)
2018-04-22 19:14:31,476 INFO stopped: nginx (exit status 0)
2018-04-22 19:14:32,480 INFO stopped: varnish-plugins-watcher (terminated by SIGTERM)
2018-04-22 19:14:32,499 INFO stopped: php-fpm (exit status 0)
2018-04-22 19:14:33,089 CRIT reaped unknown pid 25)
2018-04-22 19:14:33,511 INFO waiting for varnishd to die
2018-04-22 19:14:33,608 INFO stopped: varnishd (exit status 0)
2018-04-22 19:14:41,211 CRIT Supervisor running as root (no user in config file)
2018-04-22 19:14:41,211 WARN Included extra file "/etc/supervisor/conf.d/supervisord.conf" during parsing
2018-04-22 19:14:41,287 INFO RPC interface 'supervisor' initialized
2018-04-22 19:14:41,289 CRIT Server 'unix_http_server' running without any HTTP authentication checking
2018-04-22 19:14:41,290 INFO supervisord started with pid 1
2018-04-22 19:14:42,295 INFO spawned: 'varnishd' with pid 29
2018-04-22 19:14:42,305 INFO spawned: 'php-fpm' with pid 30
2018-04-22 19:14:42,309 INFO spawned: 'varnish-plugins-watcher' with pid 31
2018-04-22 19:14:42,319 INFO spawned: 'nginx' with pid 32
2018-04-22 19:14:42,328 INFO spawned: 'MailHog' with pid 33
2018-04-22 19:14:42,335 INFO spawned: 'mysql' with pid 34
2018-04-22 19:14:42,339 INFO spawned: 'varnish-themes-watcher' with pid 35
2018-04-22 19:14:44,045 INFO success: varnishd entered RUNNING state, process has stayed up for > than 1 seconds (startsecs)
2018-04-22 19:14:44,047 INFO success: php-fpm entered RUNNING state, process has stayed up for > than 1 seconds (startsecs)
2018-04-22 19:14:44,048 INFO success: varnish-plugins-watcher entered RUNNING state, process has stayed up for > than 1 seconds (startsecs)
2018-04-22 19:14:44,049 INFO success: nginx entered RUNNING state, process has stayed up for > than 1 seconds (startsecs)
2018-04-22 19:14:44,050 INFO success: MailHog entered RUNNING state, process has stayed up for > than 1 seconds (startsecs)
2018-04-22 19:14:44,051 INFO success: mysql entered RUNNING state, process has stayed up for > than 1 seconds (startsecs)
2018-04-22 19:14:44,052 INFO success: varnish-themes-watcher entered RUNNING state, process has stayed up for > than 1 seconds (startsecs)
2018-04-23 03:03:41,748 WARN received SIGTERM indicating exit request
2018-04-23 03:03:41,749 INFO waiting for varnishd, php-fpm, varnish-plugins-watcher, nginx, MailHog, mysql, varnish-themes-watcher to die
2018-04-23 03:03:42,383 INFO stopped: varnish-themes-watcher (terminated by SIGTERM)
2018-04-23 03:03:42,397 INFO stopped: mysql (exit status 0)
2018-04-23 03:03:42,399 INFO stopped: MailHog (terminated by SIGTERM)
2018-04-23 03:03:42,413 INFO stopped: nginx (exit status 0)
2018-04-23 03:03:43,417 INFO stopped: varnish-plugins-watcher (terminated by SIGTERM)
2018-04-23 03:03:43,472 INFO stopped: php-fpm (exit status 0)
2018-04-23 03:03:44,132 CRIT reaped unknown pid 43)
2018-04-23 03:03:44,587 INFO stopped: varnishd (exit status 0)
2018-04-26 00:35:50,241 CRIT Supervisor running as root (no user in config file)
2018-04-26 00:35:50,242 WARN Included extra file "/etc/supervisor/conf.d/supervisord.conf" during parsing
2018-04-26 00:35:50,280 INFO RPC interface 'supervisor' initialized
2018-04-26 00:35:50,280 CRIT Server 'unix_http_server' running without any HTTP authentication checking
2018-04-26 00:35:50,281 INFO supervisord started with pid 1
2018-04-26 00:35:51,288 INFO spawned: 'varnishd' with pid 24
2018-04-26 00:35:51,297 INFO spawned: 'php-fpm' with pid 25
2018-04-26 00:35:51,303 INFO spawned: 'varnish-plugins-watcher' with pid 26
2018-04-26 00:35:51,313 INFO spawned: 'nginx' with pid 27
2018-04-26 00:35:51,333 INFO spawned: 'MailHog' with pid 28
2018-04-26 00:35:51,341 INFO spawned: 'mysql' with pid 29
2018-04-26 00:35:51,352 INFO spawned: 'varnish-themes-watcher' with pid 30
2018-04-26 00:35:52,596 INFO success: varnishd entered RUNNING state, process has stayed up for > than 1 seconds (startsecs)
2018-04-26 00:35:52,597 INFO success: php-fpm entered RUNNING state, process has stayed up for > than 1 seconds (startsecs)
2018-04-26 00:35:52,597 INFO success: varnish-plugins-watcher entered RUNNING state, process has stayed up for > than 1 seconds (startsecs)
2018-04-26 00:35:52,598 INFO success: nginx entered RUNNING state, process has stayed up for > than 1 seconds (startsecs)
2018-04-26 00:35:52,599 INFO success: MailHog entered RUNNING state, process has stayed up for > than 1 seconds (startsecs)
2018-04-26 00:35:52,599 INFO success: mysql entered RUNNING state, process has stayed up for > than 1 seconds (startsecs)
2018-04-26 00:35:52,600 INFO success: varnish-themes-watcher entered RUNNING state, process has stayed up for > than 1 seconds (startsecs)
2018-04-26 18:28:05,747 WARN received SIGTERM indicating exit request
2018-04-26 18:28:05,748 INFO waiting for varnishd, php-fpm, varnish-plugins-watcher, nginx, MailHog, mysql, varnish-themes-watcher to die
2018-04-26 18:28:06,750 INFO stopped: varnish-themes-watcher (terminated by SIGTERM)
2018-04-26 18:28:06,758 INFO stopped: mysql (exit status 0)
2018-04-26 18:28:06,759 INFO stopped: MailHog (terminated by SIGTERM)
2018-04-26 18:28:06,768 INFO stopped: nginx (exit status 0)
2018-04-26 18:28:07,770 INFO stopped: varnish-plugins-watcher (terminated by SIGTERM)
2018-04-26 18:28:07,786 INFO stopped: php-fpm (exit status 0)
2018-04-26 18:28:08,683 CRIT reaped unknown pid 38)
2018-04-26 18:28:08,797 INFO waiting for varnishd to die
2018-04-26 18:28:08,885 INFO stopped: varnishd (exit status 0)
2018-04-27 12:26:47,788 CRIT Supervisor running as root (no user in config file)
2018-04-27 12:26:47,790 WARN Included extra file "/etc/supervisor/conf.d/supervisord.conf" during parsing
2018-04-27 12:26:47,844 INFO RPC interface 'supervisor' initialized
2018-04-27 12:26:47,845 CRIT Server 'unix_http_server' running without any HTTP authentication checking
2018-04-27 12:26:47,846 INFO supervisord started with pid 1
2018-04-27 12:26:48,852 INFO spawned: 'varnishd' with pid 25
2018-04-27 12:26:48,863 INFO spawned: 'php-fpm' with pid 26
2018-04-27 12:26:48,868 INFO spawned: 'varnish-plugins-watcher' with pid 27
2018-04-27 12:26:48,875 INFO spawned: 'nginx' with pid 28
2018-04-27 12:26:48,883 INFO spawned: 'MailHog' with pid 29
2018-04-27 12:26:48,895 INFO spawned: 'mysql' with pid 30
2018-04-27 12:26:48,901 INFO spawned: 'varnish-themes-watcher' with pid 31
2018-04-27 12:26:50,195 INFO success: varnishd entered RUNNING state, process has stayed up for > than 1 seconds (startsecs)
2018-04-27 12:26:50,196 INFO success: php-fpm entered RUNNING state, process has stayed up for > than 1 seconds (startsecs)
2018-04-27 12:26:50,197 INFO success: varnish-plugins-watcher entered RUNNING state, process has stayed up for > than 1 seconds (startsecs)
2018-04-27 12:26:50,197 INFO success: nginx entered RUNNING state, process has stayed up for > than 1 seconds (startsecs)
2018-04-27 12:26:50,198 INFO success: MailHog entered RUNNING state, process has stayed up for > than 1 seconds (startsecs)
2018-04-27 12:26:50,199 INFO success: mysql entered RUNNING state, process has stayed up for > than 1 seconds (startsecs)
2018-04-27 12:26:50,199 INFO success: varnish-themes-watcher entered RUNNING state, process has stayed up for > than 1 seconds (startsecs)
2018-04-27 14:36:33,266 WARN received SIGTERM indicating exit request
2018-04-27 14:36:33,267 INFO waiting for varnishd, php-fpm, varnish-plugins-watcher, nginx, MailHog, mysql, varnish-themes-watcher to die
2018-04-27 14:36:34,270 INFO stopped: varnish-themes-watcher (terminated by SIGTERM)
2018-04-27 14:36:34,278 INFO stopped: mysql (exit status 0)
2018-04-27 14:36:34,280 INFO stopped: MailHog (terminated by SIGTERM)
2018-04-27 14:36:34,297 INFO stopped: nginx (exit status 0)
2018-04-27 14:36:35,300 INFO stopped: varnish-plugins-watcher (terminated by SIGTERM)
2018-04-27 14:36:35,323 INFO stopped: php-fpm (exit status 0)
2018-04-27 14:36:35,609 CRIT reaped unknown pid 39)
2018-04-27 14:36:36,331 INFO waiting for varnishd to die
2018-04-27 14:36:36,435 INFO stopped: varnishd (exit status 0)
2018-04-28 02:29:46,320 CRIT Supervisor running as root (no user in config file)
2018-04-28 02:29:46,321 WARN Included extra file "/etc/supervisor/conf.d/supervisord.conf" during parsing
2018-04-28 02:29:46,348 INFO RPC interface 'supervisor' initialized
2018-04-28 02:29:46,348 CRIT Server 'unix_http_server' running without any HTTP authentication checking
2018-04-28 02:29:46,349 INFO supervisord started with pid 1
2018-04-28 02:29:47,355 INFO spawned: 'varnishd' with pid 7
2018-04-28 02:29:47,366 INFO spawned: 'php-fpm' with pid 8
2018-04-28 02:29:47,380 INFO spawned: 'varnish-plugins-watcher' with pid 9
2018-04-28 02:29:47,398 INFO spawned: 'nginx' with pid 10
2018-04-28 02:29:47,419 INFO spawned: 'MailHog' with pid 11
2018-04-28 02:29:47,434 INFO spawned: 'mysql' with pid 12
2018-04-28 02:29:47,465 INFO spawned: 'varnish-themes-watcher' with pid 15
2018-04-28 02:29:48,509 INFO success: varnishd entered RUNNING state, process has stayed up for > than 1 seconds (startsecs)
2018-04-28 02:29:48,511 INFO success: php-fpm entered RUNNING state, process has stayed up for > than 1 seconds (startsecs)
2018-04-28 02:29:48,511 INFO success: varnish-plugins-watcher entered RUNNING state, process has stayed up for > than 1 seconds (startsecs)
2018-04-28 02:29:48,511 INFO success: nginx entered RUNNING state, process has stayed up for > than 1 seconds (startsecs)
2018-04-28 02:29:48,512 INFO success: MailHog entered RUNNING state, process has stayed up for > than 1 seconds (startsecs)
2018-04-28 02:29:48,513 INFO success: mysql entered RUNNING state, process has stayed up for > than 1 seconds (startsecs)
2018-04-28 02:29:48,513 INFO success: varnish-themes-watcher entered RUNNING state, process has stayed up for > than 1 seconds (startsecs)
2018-04-28 02:34:36,965 WARN received SIGTERM indicating exit request
2018-04-28 02:34:36,966 INFO waiting for varnishd, php-fpm, varnish-plugins-watcher, nginx, MailHog, mysql, varnish-themes-watcher to die
2018-04-28 02:34:37,968 INFO stopped: varnish-themes-watcher (terminated by SIGTERM)
2018-04-28 02:34:38,035 INFO stopped: mysql (exit status 0)
2018-04-28 02:34:38,069 INFO stopped: MailHog (terminated by SIGTERM)
2018-04-28 02:34:38,121 INFO stopped: nginx (exit status 0)
2018-04-28 02:34:39,123 INFO stopped: varnish-plugins-watcher (terminated by SIGTERM)
2018-04-28 02:34:39,152 INFO stopped: php-fpm (exit status 0)
2018-04-28 02:34:39,190 CRIT reaped unknown pid 21)
2018-04-28 02:34:40,166 INFO waiting for varnishd to die
2018-04-28 02:34:40,280 INFO stopped: varnishd (exit status 0)
